<?xml version="1.0" encoding="UTF-8"?>
<testsuite name="TestSuite" time="83.222" tests="3" errors="0" skipped="0" failures="1">
  <properties>
[...]
</properties>
  <testcase name="testCase01" classname="com.testRepo.TestCase01" time="79.272"/>
  <testcase name="testCase02" classname="com.testRepo.TestCase01" time="3.94">
    <failure message="expected [true] but found [false]" type="java.lang.AssertionError">java.lang.AssertionError: expected [true] but found [false]
	at org.testng.Assert.fail(Assert.java:99)
	at org.testng.Assert.failNotEquals(Assert.java:1037)
	at org.testng.Assert.assertTrue(Assert.java:45)
	at org.testng.Assert.assertTrue(Assert.java:55)
	at com.testRepo.TestCase01.testCase02(TestCase01.java:51)
</failure>
    <system-out>		Screen Orientation is set to LANDSCAPE.

</system-out>
  </testcase>
  <testcase name="testCase03" classname="com.testRepo.TestCase01" time="0.01"/>
</testsuite>